Arguments: 
  C:\Program Files\nodejs\node.exe C:\Users\Лена\AppData\Roaming\npm\node_modules\yarn\bin\yarn.js init

PATH: 
  C:\Users\Лена\bin;C:\Program Files\Git\mingw64\bin;C:\Program Files\Git\usr\local\bin;C:\Program Files\Git\usr\bin;C:\Program Files\Git\usr\bin;C:\Program Files\Git\mingw64\bin;C:\Program Files\Git\usr\bin;C:\Users\Лена\bin;C:\WINDOWS\system32;C:\WINDOWS;C:\WINDOWS\System32\Wbem;C:\WINDOWS\System32\WindowsPowerShell\v1.0;C:\Program Files\Intel\WiFi\bin;C:\Program Files\Common Files\Intel\WirelessCommon;C:\Program Files\nodejs;C:\Users\Лена\AppData\Local\Microsoft\WindowsApps;C:\Users\Лена\AppData\Roaming\npm;C:\adb;C:\Program Files (x86)\NVIDIA Corporation\PhysX\Common;C:\WINDOWS\system32;C:\WINDOWS;C:\WINDOWS\System32\Wbem;C:\WINDOWS\System32\WindowsPowerShell\v1.0;C:\WINDOWS\System32\OpenSSH;C:\Program Files\Git\cmd;C:\Users\Лена\AppData\Local\Microsoft\WindowsApps;C:\Program Files\Intel\WiFi\bin;C:\Program Files\Common Files\Intel\WirelessCommon;C:\Users\Лена\AppData\Roaming\npm;C:\Program Files\Docker Toolbox;C:\Program Files\Git\usr\bin\vendor_perl;C:\Program Files\Git\usr\bin\core_perl

Yarn version: 
  1.5.1

Node version: 
  8.11.1

Platform: 
  win32 x64

npm manifest: 
  No manifest

yarn manifest: 
  No manifest

Lockfile: 
  No lockfile

Trace: 
  Error: Can't answer a question unless a user TTY
      at ConsoleReporter.question (C:\Users\Лена\AppData\Roaming\npm\node_modules\yarn\lib\cli.js:92962:59)
      at Object.<anonymous> (C:\Users\Лена\AppData\Roaming\npm\node_modules\yarn\lib\cli.js:85927:38)
      at Generator.next (<anonymous>)
      at step (C:\Users\Лена\AppData\Roaming\npm\node_modules\yarn\lib\cli.js:98:30)
      at C:\Users\Лена\AppData\Roaming\npm\node_modules\yarn\lib\cli.js:109:13
      at <anonymous>
